<?xml version="1.0" encoding="UTF-8"?>
<!-- Generated by org.testng.reporters.JUnitReportReporter -->
<testsuite hostname="ShOeB" failures="0" tests="1" name="demo.Lambdatest" time="86.413" errors="0" timestamp="2022-03-05T11:06:30 BDT" skipped="0">
  <testcase classname="demo.Lambdatest" name="testScript" time="86.413"/>
  <system-out/>
</testsuite> <!-- demo.Lambdatest -->
