<?xml version="1.0" encoding="UTF-8"?>
<!-- Generated by org.testng.reporters.JUnitReportReporter -->
<testsuite hostname="ShOeB" failures="0" tests="1" name="demo.BrowserTest" time="0.012" errors="0" timestamp="2022-03-04T01:45:26 BDT" skipped="0">
  <testcase classname="demo.BrowserTest" name="test1" time="0.012"/>
  <system-out/>
</testsuite> <!-- demo.BrowserTest -->
