<?xml version="1.0" encoding="UTF-8"?>
<!-- Generated by org.testng.reporters.JUnitReportReporter -->
<testsuite hostname="ShOeB" failures="0" tests="1" name="demo.TestNGTodo" time="9.268" errors="0" timestamp="2022-03-06T17:20:40 BDT" skipped="0">
  <testcase classname="demo.TestNGTodo" name="testSimple" time="9.268"/>
  <system-out/>
</testsuite> <!-- demo.TestNGTodo -->
